============================================================
Notion to Markdown Exporter
Output directory: /Users/Janick_Spirig/git_local/stats_bootcamp/notion_export
============================================================

Fetching accessible pages...
Found 167 pages
Building page hierarchy...

Exporting all 6 root pages (with children)...
  Exporting: CS Bootcamp
    Fetching blocks...
      ...fetched 50 blocks so far
      ...fetched 100 blocks so far
      ...fetched 150 blocks so far
      ...fetched 200 blocks so far
      ...fetched 250 blocks so far
      ...fetched 300 blocks so far
      ...fetched 350 blocks so far
      ...fetched 400 blocks so far
      ...fetched 450 blocks so far
      ...fetched 500 blocks so far
      ...fetched 550 blocks so far
      ...fetched 600 blocks so far
      ...fetched 650 blocks so far
      ...fetched 700 blocks so far
      ...fetched 750 blocks so far
      ...fetched 800 blocks so far
      ...fetched 850 blocks so far
      ...fetched 900 blocks so far
      ...fetched 950 blocks so far
      ...fetched 1000 blocks so far
      ...fetched 1050 blocks so far
      ...fetched 1100 blocks so far
      ...fetched 1150 blocks so far
      ...fetched 1200 blocks so far
      ...fetched 1250 blocks so far
      ...fetched 1300 blocks so far
      ...fetched 1350 blocks so far
      ...fetched 1400 blocks so far
      ...fetched 1450 blocks so far
      ...fetched 1500 blocks so far
      ...fetched 1550 blocks so far
      ...fetched 1600 blocks so far
      ...fetched 1650 blocks so far
      ...fetched 1700 blocks so far
      ...fetched 1750 blocks so far
      ...fetched 1800 blocks so far
      ...fetched 1850 blocks so far
      ...fetched 1900 blocks so far
      ...fetched 1950 blocks so far
      ...fetched 2000 blocks so far
      ...fetched 2050 blocks so far
      ...fetched 2100 blocks so far
      ...fetched 2150 blocks so far
      ...fetched 2200 blocks so far
      ...fetched 2250 blocks so far
      ...fetched 2300 blocks so far
      ...fetched 2350 blocks so far
      ...fetched 2400 blocks so far
      ...fetched 2450 blocks so far
      ...fetched 2500 blocks so far
      ...fetched 2550 blocks so far
      ...fetched 2600 blocks so far
      ...fetched 2650 blocks so far
      ...fetched 2700 blocks so far
      ...fetched 2750 blocks so far
      ...fetched 2800 blocks so far
      ...fetched 2850 blocks so far
      ...fetched 2900 blocks so far
      ...fetched 2950 blocks so far
      ...fetched 3000 blocks so far
      ...fetched 3050 blocks so far
      ...fetched 3100 blocks so far
      ...fetched 3150 blocks so far
      ...fetched 3200 blocks so far
      ...fetched 3250 blocks so far
      ...fetched 3300 blocks so far
      ...fetched 3350 blocks so far
      ...fetched 3400 blocks so far
      ...fetched 3450 blocks so far
      ...fetched 3500 blocks so far
      ...fetched 3550 blocks so far
      ...fetched 3600 blocks so far
      ...fetched 3650 blocks so far
      ...fetched 3700 blocks so far
      ...fetched 3750 blocks so far
      ...fetched 3800 blocks so far
      ...fetched 3850 blocks so far
      ...fetched 3900 blocks so far
      ...fetched 3950 blocks so far
      ...fetched 4000 blocks so far
      ...fetched 4050 blocks so far
      ...fetched 4100 blocks so far
      ...fetched 4150 blocks so far
      ...fetched 4200 blocks so far
      ...fetched 4250 blocks so far
      ...fetched 4300 blocks so far
      ...fetched 4350 blocks so far
      ...fetched 4400 blocks so far
      ...fetched 4450 blocks so far
      ...fetched 4500 blocks so far
      ...fetched 4550 blocks so far
      ...fetched 4600 blocks so far
      ...fetched 4650 blocks so far
      ...fetched 4700 blocks so far
      ...fetched 4750 blocks so far
      ...fetched 4800 blocks so far
      ...fetched 4850 blocks so far
      ...fetched 4900 blocks so far
      ...fetched 4950 blocks so far
      ...fetched 5000 blocks so far
      ...fetched 5050 blocks so far
      ...fetched 5100 blocks so far
      ...fetched 5150 blocks so far
      ...fetched 5200 blocks so far
      ...fetched 5250 blocks so far
      ...fetched 5300 blocks so far
      ...fetched 5350 blocks so far
      ...fetched 5400 blocks so far
      ...fetched 5450 blocks so far
      ...fetched 5500 blocks so far
      ...fetched 5550 blocks so far
      ...fetched 5600 blocks so far
      ...fetched 5650 blocks so far
      ...fetched 5700 blocks so far
      ...fetched 5750 blocks so far
      ...fetched 5800 blocks so far
      ...fetched 5850 blocks so far
      ...fetched 5900 blocks so far
      ...fetched 5950 blocks so far
      ...fetched 6000 blocks so far
      ...fetched 6050 blocks so far
      ...fetched 6100 blocks so far
      ...fetched 6150 blocks so far
      ...fetched 6200 blocks so far
      ...fetched 6250 blocks so far
      ...fetched 6300 blocks so far
      ...fetched 6350 blocks so far
      ...fetched 6400 blocks so far
      ...fetched 6450 blocks so far
      ...fetched 6500 blocks so far
      ...fetched 6550 blocks so far
      ...fetched 6600 blocks so far
      ...fetched 6650 blocks so far
      ...fetched 6700 blocks so far
      ...fetched 6750 blocks so far
      ...fetched 6800 blocks so far
    ERROR: Block type ai_block is not supported via the API for your bot type.
  Exporting: Pandas
    Fetching blocks...
      ...fetched 50 blocks so far
      ...fetched 100 blocks so far
      ...fetched 150 blocks so far
      ...fetched 200 blocks so far
      ...fetched 250 blocks so far
      ...fetched 300 blocks so far
      ...fetched 350 blocks so far
      ...fetched 400 blocks so far
      ...fetched 450 blocks so far
      ...fetched 500 blocks so far
      ...fetched 550 blocks so far
      ...fetched 600 blocks so far
      ...fetched 650 blocks so far
      ...fetched 700 blocks so far
      ...fetched 750 blocks so far
      ...fetched 800 blocks so far
      ...fetched 850 blocks so far
      ...fetched 900 blocks so far
      ...fetched 950 blocks so far
      ...fetched 1000 blocks so far
      ...fetched 1050 blocks so far
      ...fetched 1100 blocks so far
      ...fetched 1150 blocks so far
    Found 1177 blocks
  Exporting: Excursus: Stats in Python
    Fetching blocks...
      ...fetched 50 blocks so far
    Found 92 blocks
  Exporting: Matplotlib
    Fetching blocks...
      ...fetched 50 blocks so far
      ...fetched 100 blocks so far
      ...fetched 150 blocks so far
      ...fetched 200 blocks so far
      ...fetched 250 blocks so far
      ...fetched 300 blocks so far
      ...fetched 350 blocks so far
    Found 394 blocks
  Exporting: Machine Learning
    Fetching blocks...
      ...fetched 50 blocks so far
      ...fetched 100 blocks so far
      ...fetched 150 blocks so far
      ...fetched 200 blocks so far
    Found 229 blocks
  Exporting: I know how we can extract features from text using the Bag of Words (BoW) approach and TD-IDF Vectoriser
    Fetching blocks...
    Found 39 blocks
  Exporting: I know how we can evaluate the performance of a ML algorithm and can explain in which scenario we should use which metric
    Fetching blocks...
      ...fetched 50 blocks so far
    Found 59 blocks
  Exporting: I know how to calculate the performance metrics for a non-binary classification task
    Fetching blocks...
    Found 34 blocks
  Exporting: I know how the kNN algorithm works and can calculate required performance metrics
    Fetching blocks...
    Found 26 blocks
  Exporting: I know the difference between supervised and unsupervised learning and when to use which type
    Fetching blocks...
    Found 6 blocks
  Exporting: I can explain the process of training and testing an ML algorithm
    Fetching blocks...
    Found 3 blocks
  Exporting: I know how we can tune Hyperparameters
    Fetching blocks...
    Found 3 blocks
  Exporting: I know the difference between regular model Parameters and Hyperparameters
    Fetching blocks...
    Found 4 blocks
  Exporting: I know what overfitting is and how it can be mitigated using a k-fold approach
    Fetching blocks...
    Found 18 blocks
  Exporting: Excursus: Another supervised learning example with Object Detection
    Fetching blocks...
    Found 24 blocks
  Exporting: Data Science
    Fetching blocks...
    Found 23 blocks
  Exporting: I know the most important Seaborn plots and how to create them
    Fetching blocks...
    Found 14 blocks
  Exporting: I can distinguish between different data types
    Fetching blocks...
    Found 4 blocks
  Exporting: Excursus: Regression 
    Fetching blocks...
    Found 37 blocks
  Exporting: Distributed Systems & Networks
    Fetching blocks...
      ...fetched 50 blocks so far
      ...fetched 100 blocks so far
      ...fetched 150 blocks so far
      ...fetched 200 blocks so far
      ...fetched 250 blocks so far
      ...fetched 300 blocks so far
    Found 351 blocks
  Exporting: I know what Web APIs are and how they enable data exchange between distributed systems
    Fetching blocks...
    Found 26 blocks
  Exporting: I know the difference between symmetric and asymmetric encryption
    Fetching blocks...
    Found 12 blocks
  Exporting: I know the difference between the Internet and the World Wide Web (WWW)
    Fetching blocks...
    Found 27 blocks
  Exporting: I know how TLS/SSL and HTTPS is used for secure data exchange
    Fetching blocks...
    Found 7 blocks
  Exporting: I know what a Domain Name System (DNS) is and why it is important
    Fetching blocks...
    Found 28 blocks
  Exporting: I know the different HTTP methods and response codes
    Fetching blocks...
    Found 6 blocks
  Exporting: I can explain in my own words what happens when a user hits enter in the browser
    Fetching blocks...
    Found 42 blocks
  Exporting: I can distinguish between the different layers in the networking stack and I know what each layer is responsible for
    Fetching blocks...
      ...fetched 50 blocks so far
      ...fetched 100 blocks so far
      ...fetched 150 blocks so far
    Found 161 blocks
  Exporting: I know the difference between circuit and packet switching and what the advantages of packet switching are and why the Internet is built on packet switching
    Fetching blocks...
    Found 30 blocks
  Exporting: FAQ
    Fetching blocks...
      ...fetched 50 blocks so far
    Found 68 blocks
  Exporting: Computing basics
    Fetching blocks...
      ...fetched 50 blocks so far
      ...fetched 100 blocks so far
      ...fetched 150 blocks so far
      ...fetched 200 blocks so far
    Found 210 blocks
  Exporting: I know how a CPU interprets and executes an instruction
    Fetching blocks...
    Found 27 blocks
  Exporting: I know how binary addition works and how half- and full adder operate
    Fetching blocks...
    Found 10 blocks
  Exporting: I know the difference between a compiled and interpreted programming language and their advantages and disadvantages
    Fetching blocks...
    Found 32 blocks
  Exporting: I know the different components of a CPU and what they do and in which order
    Fetching blocks...
    Found 4 blocks
  Exporting: I know the different logic gates and can fill out their truth tables
    Fetching blocks...
      ...fetched 50 blocks so far
    Found 60 blocks
  Exporting: I know how to convert a binary number into a decimal number and the other way around
    Fetching blocks...
    Found 11 blocks
  Exporting: I know how many bits fit into a byte and how many different combinations can be represented with x bits
    Fetching blocks...
    Found 4 blocks
  Exporting: I understand that information = bits + context
    Fetching blocks...
    Found 22 blocks
  Exporting: I know the meaning of 0 and 1 and why a computer works with these binary digits
    Fetching blocks...
    Found 25 blocks
  Exporting: Python basics
    Fetching blocks...
      ...fetched 50 blocks so far
      ...fetched 100 blocks so far
      ...fetched 150 blocks so far
      ...fetched 200 blocks so far
      ...fetched 250 blocks so far
      ...fetched 300 blocks so far
      ...fetched 350 blocks so far
      ...fetched 400 blocks so far
      ...fetched 450 blocks so far
      ...fetched 500 blocks so far
      ...fetched 550 blocks so far
      ...fetched 600 blocks so far
      ...fetched 650 blocks so far
      ...fetched 700 blocks so far
      ...fetched 750 blocks so far
      ...fetched 800 blocks so far
      ...fetched 850 blocks so far
      ...fetched 900 blocks so far
      ...fetched 950 blocks so far
      ...fetched 1000 blocks so far
      ...fetched 1050 blocks so far
      ...fetched 1100 blocks so far
      ...fetched 1150 blocks so far
      ...fetched 1200 blocks so far
      ...fetched 1250 blocks so far
      ...fetched 1300 blocks so far
      ...fetched 1350 blocks so far
      ...fetched 1400 blocks so far
      ...fetched 1450 blocks so far
      ...fetched 1500 blocks so far
      ...fetched 1550 blocks so far
      ...fetched 1600 blocks so far
      ...fetched 1650 blocks so far
      ...fetched 1700 blocks so far
      ...fetched 1750 blocks so far
    Found 1844 blocks
  Exporting: Old exams
    Fetching blocks...
      ...fetched 50 blocks so far
      ...fetched 100 blocks so far
      ...fetched 150 blocks so far
      ...fetched 200 blocks so far
      ...fetched 250 blocks so far
      ...fetched 300 blocks so far
    Found 321 blocks
  Exporting: Databases
    Fetching blocks...
      ...fetched 50 blocks so far
      ...fetched 100 blocks so far
      ...fetched 150 blocks so far
    Found 188 blocks
  Exporting: I know the most important SQL queries to query data
    Fetching blocks...
      ...fetched 50 blocks so far
      ...fetched 100 blocks so far
    Found 106 blocks
  Exporting: SQL JOINs
    Fetching blocks...
    Found 36 blocks
  Exporting: I know how different data tables in a relational database are linked together using primary and foreign keys
    Fetching blocks...
    Found 39 blocks
  Exporting: I know how to optimize a database towards third normal form (3NF)
    Fetching blocks...
    Found 22 blocks
  Exporting: I know the difference between a database (DB) and a database management system (DBMS)
    Fetching blocks...
    Found 14 blocks
  Exporting: Object Oriented Programming (OOP)
    Fetching blocks...
      ...fetched 50 blocks so far
      ...fetched 100 blocks so far
      ...fetched 150 blocks so far
    Found 177 blocks
  Exporting: I know what Polymorphism is and how it works
    Fetching blocks...
    Found 13 blocks
  Exporting: I can explain the motivation behind OOP
    Fetching blocks...
    Found 3 blocks
  Exporting: I know what encapsulation is and how it works
    Fetching blocks...
    Found 9 blocks
  Exporting: I know how to implement a simple OOP program
    Fetching blocks...
      ...fetched 50 blocks so far
      ...fetched 100 blocks so far
    Found 107 blocks
  Exporting: I know what inheritance is and why it is used
    Fetching blocks...
    Found 37 blocks
  Exporting: Exercises
    Fetching blocks...
      ...fetched 50 blocks so far
      ...fetched 100 blocks so far
      ...fetched 150 blocks so far
      ...fetched 200 blocks so far
      ...fetched 250 blocks so far
      ...fetched 300 blocks so far
      ...fetched 350 blocks so far
      ...fetched 400 blocks so far
      ...fetched 450 blocks so far
      ...fetched 500 blocks so far
      ...fetched 550 blocks so far
      ...fetched 600 blocks so far
      ...fetched 650 blocks so far
      ...fetched 700 blocks so far
      ...fetched 750 blocks so far
      ...fetched 800 blocks so far
      ...fetched 850 blocks so far
      ...fetched 900 blocks so far
      ...fetched 950 blocks so far
      ...fetched 1000 blocks so far
      ...fetched 1050 blocks so far
      ...fetched 1100 blocks so far
      ...fetched 1150 blocks so far
      ...fetched 1200 blocks so far
      ...fetched 1250 blocks so far
      ...fetched 1300 blocks so far
      ...fetched 1350 blocks so far
      ...fetched 1400 blocks so far
      ...fetched 1450 blocks so far
      ...fetched 1500 blocks so far
      ...fetched 1550 blocks so far
      ...fetched 1600 blocks so far
      ...fetched 1650 blocks so far
      ...fetched 1700 blocks so far
      ...fetched 1750 blocks so far
      ...fetched 1800 blocks so far
      ...fetched 1850 blocks so far
      ...fetched 1900 blocks so far
      ...fetched 1950 blocks so far
      ...fetched 2000 blocks so far
      ...fetched 2050 blocks so far
      ...fetched 2100 blocks so far
      ...fetched 2150 blocks so far
      ...fetched 2200 blocks so far
      ...fetched 2250 blocks so far
      ...fetched 2300 blocks so far
      ...fetched 2350 blocks so far
      ...fetched 2400 blocks so far
      ...fetched 2450 blocks so far
      ...fetched 2500 blocks so far
      ...fetched 2550 blocks so far
      ...fetched 2600 blocks so far
      ...fetched 2650 blocks so far
      ...fetched 2700 blocks so far
      ...fetched 2750 blocks so far
      ...fetched 2800 blocks so far
      ...fetched 2850 blocks so far
      ...fetched 2900 blocks so far
      ...fetched 2950 blocks so far
      ...fetched 3000 blocks so far
      ...fetched 3050 blocks so far
      ...fetched 3100 blocks so far
      ...fetched 3150 blocks so far
      ...fetched 3200 blocks so far
      ...fetched 3250 blocks so far
      ...fetched 3300 blocks so far
    Found 3687 blocks
  Exporting: Pen & paper coding
    Fetching blocks...
      ...fetched 50 blocks so far
      ...fetched 100 blocks so far
      ...fetched 150 blocks so far
      ...fetched 200 blocks so far
      ...fetched 250 blocks so far
      ...fetched 300 blocks so far
      ...fetched 350 blocks so far
      ...fetched 400 blocks so far
      ...fetched 450 blocks so far
      ...fetched 500 blocks so far
      ...fetched 550 blocks so far
      ...fetched 600 blocks so far
      ...fetched 650 blocks so far
      ...fetched 700 blocks so far
      ...fetched 750 blocks so far
      ...fetched 800 blocks so far
      ...fetched 850 blocks so far
      ...fetched 900 blocks so far
      ...fetched 950 blocks so far
      ...fetched 1000 blocks so far
      ...fetched 1050 blocks so far
      ...fetched 1100 blocks so far
      ...fetched 1150 blocks so far
    Found 1293 blocks
  Exporting: Functions
    Fetching blocks...
      ...fetched 50 blocks so far
      ...fetched 100 blocks so far
      ...fetched 150 blocks so far
      ...fetched 200 blocks so far
    Found 245 blocks
  Exporting: SQL statements
    Fetching blocks...
      ...fetched 50 blocks so far
      ...fetched 100 blocks so far
      ...fetched 150 blocks so far
      ...fetched 200 blocks so far
      ...fetched 250 blocks so far
      ...fetched 300 blocks so far
      ...fetched 350 blocks so far
    Found 414 blocks
  Exporting: Loops
    Fetching blocks...
      ...fetched 50 blocks so far
      ...fetched 100 blocks so far
      ...fetched 150 blocks so far
    Found 187 blocks
  Exporting: Logical statements
    Fetching blocks...
      ...fetched 50 blocks so far
      ...fetched 100 blocks so far
      ...fetched 150 blocks so far
    Found 181 blocks
  Exporting: Math operations
    Fetching blocks...
      ...fetched 50 blocks so far
    Found 57 blocks
  Exporting: OOP
    Fetching blocks...
      ...fetched 50 blocks so far
      ...fetched 100 blocks so far
      ...fetched 150 blocks so far
    Found 201 blocks
  Exporting: Programming hands-on
    Fetching blocks...
    Found 25 blocks
  Exporting: Code interpretation
    Fetching blocks...
      ...fetched 50 blocks so far
      ...fetched 100 blocks so far
      ...fetched 150 blocks so far
      ...fetched 200 blocks so far
      ...fetched 250 blocks so far
      ...fetched 300 blocks so far
      ...fetched 350 blocks so far
      ...fetched 400 blocks so far
      ...fetched 450 blocks so far
      ...fetched 500 blocks so far
      ...fetched 550 blocks so far
      ...fetched 600 blocks so far
      ...fetched 650 blocks so far
      ...fetched 700 blocks so far
      ...fetched 750 blocks so far
      ...fetched 800 blocks so far
    Found 993 blocks
  Exporting: Python basics
    Fetching blocks...
      ...fetched 50 blocks so far
      ...fetched 100 blocks so far
      ...fetched 150 blocks so far
      ...fetched 200 blocks so far
      ...fetched 250 blocks so far
      ...fetched 300 blocks so far
      ...fetched 350 blocks so far
      ...fetched 400 blocks so far
    Found 527 blocks
  Exporting: Numpy
    Fetching blocks...
      ...fetched 50 blocks so far
    Found 68 blocks
  Exporting: Pandas
    Fetching blocks...
      ...fetched 50 blocks so far
      ...fetched 100 blocks so far
      ...fetched 150 blocks so far
      ...fetched 200 blocks so far
      ...fetched 250 blocks so far
      ...fetched 300 blocks so far
    Found 393 blocks
  Exporting: Multiple-choice questions
    Fetching blocks...
      ...fetched 50 blocks so far
      ...fetched 100 blocks so far
      ...fetched 150 blocks so far
      ...fetched 200 blocks so far
      ...fetched 250 blocks so far
      ...fetched 300 blocks so far
      ...fetched 350 blocks so far
      ...fetched 400 blocks so far
      ...fetched 450 blocks so far
      ...fetched 500 blocks so far
      ...fetched 550 blocks so far
      ...fetched 600 blocks so far
      ...fetched 650 blocks so far
      ...fetched 700 blocks so far
      ...fetched 750 blocks so far
      ...fetched 800 blocks so far
      ...fetched 850 blocks so far
      ...fetched 900 blocks so far
      ...fetched 950 blocks so far
      ...fetched 1000 blocks so far
      ...fetched 1050 blocks so far
      ...fetched 1100 blocks so far
      ...fetched 1150 blocks so far
      ...fetched 1200 blocks so far
      ...fetched 1250 blocks so far
    Found 1369 blocks
  Exporting: Machine Learning
    Fetching blocks...
      ...fetched 50 blocks so far
      ...fetched 100 blocks so far
      ...fetched 150 blocks so far
      ...fetched 200 blocks so far
    Found 249 blocks
  Exporting: Computing basics
    Fetching blocks...
      ...fetched 50 blocks so far
      ...fetched 100 blocks so far
      ...fetched 150 blocks so far
    Found 205 blocks
  Exporting: Programming basics
    Fetching blocks...
      ...fetched 50 blocks so far
      ...fetched 100 blocks so far
    Found 143 blocks
  Exporting: Data Science
    Fetching blocks...
      ...fetched 50 blocks so far
      ...fetched 100 blocks so far
      ...fetched 150 blocks so far
      ...fetched 200 blocks so far
    Found 230 blocks
  Exporting: Databases
    Fetching blocks...
      ...fetched 50 blocks so far
      ...fetched 100 blocks so far
      ...fetched 150 blocks so far
    Found 162 blocks
  Exporting: Distributed Systems & Networks
    Fetching blocks...
      ...fetched 50 blocks so far
      ...fetched 100 blocks so far
      ...fetched 150 blocks so far
      ...fetched 200 blocks so far
    Found 226 blocks
  Exporting: OOP
    Fetching blocks...
      ...fetched 50 blocks so far
      ...fetched 100 blocks so far
    Found 144 blocks
  Exporting: scikit-learn
    Fetching blocks...
      ...fetched 50 blocks so far
      ...fetched 100 blocks so far
      ...fetched 150 blocks so far
      ...fetched 200 blocks so far
      ...fetched 250 blocks so far
      ...fetched 300 blocks so far
      ...fetched 350 blocks so far
      ...fetched 400 blocks so far
      ...fetched 450 blocks so far
      ...fetched 500 blocks so far
      ...fetched 550 blocks so far
      ...fetched 600 blocks so far
      ...fetched 650 blocks so far
    Found 652 blocks
  Exporting: Learning goals
    Fetching blocks...
      ...fetched 50 blocks so far
    Found 97 blocks
  Exporting: Requests
    Fetching blocks...
      ...fetched 50 blocks so far
    Found 96 blocks
  Exporting: Numpy
    Fetching blocks...
      ...fetched 50 blocks so far
      ...fetched 100 blocks so far
      ...fetched 150 blocks so far
      ...fetched 200 blocks so far
      ...fetched 250 blocks so far
    Found 289 blocks
  Exporting: Quizes
    Fetching blocks...
      ...fetched 50 blocks so far
      ...fetched 100 blocks so far
      ...fetched 150 blocks so far
      ...fetched 200 blocks so far
      ...fetched 250 blocks so far
      ...fetched 300 blocks so far
      ...fetched 350 blocks so far
      ...fetched 400 blocks so far
      ...fetched 450 blocks so far
      ...fetched 500 blocks so far
      ...fetched 550 blocks so far
      ...fetched 600 blocks so far
      ...fetched 650 blocks so far
      ...fetched 700 blocks so far
      ...fetched 750 blocks so far
      ...fetched 800 blocks so far
      ...fetched 850 blocks so far
      ...fetched 900 blocks so far
      ...fetched 950 blocks so far
      ...fetched 1000 blocks so far
      ...fetched 1050 blocks so far
      ...fetched 1100 blocks so far
      ...fetched 1150 blocks so far
    ERROR: Block type ai_block is not supported via the API for your bot type.
  Exporting: FS 25
    Fetching blocks...
      ...fetched 50 blocks so far
      ...fetched 100 blocks so far
      ...fetched 150 blocks so far
      ...fetched 200 blocks so far
      ...fetched 250 blocks so far
      ...fetched 300 blocks so far
    Found 354 blocks
  Exporting: Quiz 11
    Fetching blocks...
    Found 29 blocks
  Exporting: Quiz 10
    Fetching blocks...
      ...fetched 50 blocks so far
    Found 56 blocks
  Exporting: Quiz 4 
    Fetching blocks...
    Found 19 blocks
  Exporting: Quiz 9
    Fetching blocks...
    Found 19 blocks
  Exporting: Quiz 8
    Fetching blocks...
    Found 44 blocks
  Exporting: Quiz 7
    Fetching blocks...
    Found 13 blocks
  Exporting: Quiz 6
    Fetching blocks...
    Found 16 blocks
  Exporting: Quiz 5
    Fetching blocks...
    Found 16 blocks
  Exporting: Quiz 3
    Fetching blocks...
    Found 16 blocks
  Exporting: Quiz 2
    Fetching blocks...
      ...fetched 50 blocks so far
    Found 65 blocks
  Exporting: Quiz 1
    Fetching blocks...
    Found 47 blocks
  Exporting: HS 24
    Fetching blocks...
      ...fetched 50 blocks so far
      ...fetched 100 blocks so far
      ...fetched 150 blocks so far
      ...fetched 200 blocks so far
      ...fetched 250 blocks so far
      ...fetched 300 blocks so far
      ...fetched 350 blocks so far
      ...fetched 400 blocks so far
      ...fetched 450 blocks so far
      ...fetched 500 blocks so far
      ...fetched 550 blocks so far
      ...fetched 600 blocks so far
      ...fetched 650 blocks so far
      ...fetched 700 blocks so far
      ...fetched 750 blocks so far
      ...fetched 800 blocks so far
    ERROR: Block type ai_block is not supported via the API for your bot type.
  Exporting: Quiz 1
    Fetching blocks...
      ...fetched 50 blocks so far
      ...fetched 100 blocks so far
      ...fetched 150 blocks so far
      ...fetched 200 blocks so far
    Found 221 blocks
  Exporting: Quiz 10
    Fetching blocks...
      ...fetched 50 blocks so far
    Found 88 blocks
  Exporting: Quiz 4
    Fetching blocks...
      ...fetched 50 blocks so far
      ...fetched 100 blocks so far
      ...fetched 150 blocks so far
      ...fetched 200 blocks so far
    Found 215 blocks
  Exporting: Quiz 3
    Fetching blocks...
      ...fetched 50 blocks so far
      ...fetched 100 blocks so far
      ...fetched 150 blocks so far
    Found 157 blocks
  Exporting: Quiz 2
    Fetching blocks...
      ...fetched 50 blocks so far
      ...fetched 100 blocks so far
      ...fetched 150 blocks so far
    Found 180 blocks
  Exporting: Quiz 11
    Fetching blocks...
    Found 18 blocks
  Exporting: Quiz 9
    Fetching blocks...
    Found 19 blocks
  Exporting: Quiz 8
    Fetching blocks...
    ERROR: Block type ai_block is not supported via the API for your bot type.
  Exporting: Quiz 7
    Fetching blocks...
    Found 19 blocks
  Exporting: Quiz 6
    Fetching blocks...
    Found 16 blocks
  Exporting: Quiz 5
    Fetching blocks...
    Found 12 blocks
  Exporting: FS 24
    Fetching blocks...
      ...fetched 50 blocks so far
      ...fetched 100 blocks so far
      ...fetched 150 blocks so far
      ...fetched 200 blocks so far
      ...fetched 250 blocks so far
      ...fetched 300 blocks so far
      ...fetched 350 blocks so far
      ...fetched 400 blocks so far
      ...fetched 450 blocks so far
      ...fetched 500 blocks so far
      ...fetched 550 blocks so far
      ...fetched 600 blocks so far
      ...fetched 650 blocks so far
      ...fetched 700 blocks so far
      ...fetched 750 blocks so far
      ...fetched 800 blocks so far
      ...fetched 850 blocks so far
      ...fetched 900 blocks so far
      ...fetched 950 blocks so far
      ...fetched 1000 blocks so far
      ...fetched 1050 blocks so far
      ...fetched 1100 blocks so far
      ...fetched 1150 blocks so far
      ...fetched 1200 blocks so far
      ...fetched 1250 blocks so far
      ...fetched 1300 blocks so far
      ...fetched 1350 blocks so far
      ...fetched 1400 blocks so far
      ...fetched 1450 blocks so far
      ...fetched 1500 blocks so far
      ...fetched 1550 blocks so far
      ...fetched 1600 blocks so far
      ...fetched 1650 blocks so far
    Found 1763 blocks
  Exporting: Quiz 2
    Fetching blocks...
      ...fetched 50 blocks so far
      ...fetched 100 blocks so far
    Found 129 blocks
  Exporting: Quiz 9
    Fetching blocks...
      ...fetched 50 blocks so far
      ...fetched 100 blocks so far
      ...fetched 150 blocks so far
    Found 153 blocks
  Exporting: Quiz 10
    Fetching blocks...
      ...fetched 50 blocks so far
      ...fetched 100 blocks so far
      ...fetched 150 blocks so far
      ...fetched 200 blocks so far
    Found 218 blocks
  Exporting: Quiz 8
    Fetching blocks...
      ...fetched 50 blocks so far
    Found 88 blocks
  Exporting: Quiz 7
    Fetching blocks...
      ...fetched 50 blocks so far
      ...fetched 100 blocks so far
      ...fetched 150 blocks so far
    Found 193 blocks
  Exporting: Quiz 6
    Fetching blocks...
      ...fetched 50 blocks so far
      ...fetched 100 blocks so far
    Found 149 blocks
  Exporting: Quiz 5
    Fetching blocks...
      ...fetched 50 blocks so far
      ...fetched 100 blocks so far
      ...fetched 150 blocks so far
    Found 155 blocks
  Exporting: Quiz 4
    Fetching blocks...
      ...fetched 50 blocks so far
      ...fetched 100 blocks so far
      ...fetched 150 blocks so far
    Found 172 blocks
  Exporting: Quiz 3
    Fetching blocks...
      ...fetched 50 blocks so far
      ...fetched 100 blocks so far
      ...fetched 150 blocks so far
      ...fetched 200 blocks so far
    Found 233 blocks
  Exporting: Quiz 1
    Fetching blocks...
      ...fetched 50 blocks so far
      ...fetched 100 blocks so far
      ...fetched 150 blocks so far
      ...fetched 200 blocks so far
    Found 260 blocks
  Exporting: HS 22
    Fetching blocks...
      ...fetched 50 blocks so far
      ...fetched 100 blocks so far
      ...fetched 150 blocks so far
      ...fetched 200 blocks so far
      ...fetched 250 blocks so far
      ...fetched 300 blocks so far
      ...fetched 350 blocks so far
      ...fetched 400 blocks so far
      ...fetched 450 blocks so far
      ...fetched 500 blocks so far
      ...fetched 550 blocks so far
      ...fetched 600 blocks so far
      ...fetched 650 blocks so far
      ...fetched 700 blocks so far
      ...fetched 750 blocks so far
      ...fetched 800 blocks so far
      ...fetched 850 blocks so far
      ...fetched 900 blocks so far
      ...fetched 950 blocks so far
      ...fetched 1000 blocks so far
      ...fetched 1050 blocks so far
      ...fetched 1100 blocks so far
      ...fetched 1150 blocks so far
      ...fetched 1200 blocks so far
      ...fetched 1250 blocks so far
      ...fetched 1300 blocks so far
      ...fetched 1350 blocks so far
      ...fetched 1400 blocks so far
      ...fetched 1450 blocks so far
      ...fetched 1500 blocks so far
      ...fetched 1550 blocks so far
      ...fetched 1600 blocks so far
      ...fetched 1650 blocks so far
    Found 1864 blocks
  Exporting: Quiz 11
    Fetching blocks...
      ...fetched 50 blocks so far
    Found 94 blocks
  Exporting: Quiz 2
    Fetching blocks...
      ...fetched 50 blocks so far
      ...fetched 100 blocks so far
    Found 119 blocks
  Exporting: Quiz 6
    Fetching blocks...
      ...fetched 50 blocks so far
    Found 89 blocks
  Exporting: Quiz 10
    Fetching blocks...
      ...fetched 50 blocks so far
    Found 96 blocks
  Exporting: Quiz 7
    Fetching blocks...
      ...fetched 50 blocks so far
      ...fetched 100 blocks so far
      ...fetched 150 blocks so far
      ...fetched 200 blocks so far
    Found 206 blocks
  Exporting: Quiz 8 
    Fetching blocks...
      ...fetched 50 blocks so far
      ...fetched 100 blocks so far
      ...fetched 150 blocks so far
    Found 179 blocks
  Exporting: Quiz 9
    Fetching blocks...
      ...fetched 50 blocks so far
      ...fetched 100 blocks so far
      ...fetched 150 blocks so far
      ...fetched 200 blocks so far
      ...fetched 250 blocks so far
    Found 289 blocks
  Exporting: Quiz 3
    Fetching blocks...
      ...fetched 50 blocks so far
      ...fetched 100 blocks so far
      ...fetched 150 blocks so far
    Found 192 blocks
  Exporting: Quiz 4
    Fetching blocks...
      ...fetched 50 blocks so far
      ...fetched 100 blocks so far
      ...fetched 150 blocks so far
      ...fetched 200 blocks so far
      ...fetched 250 blocks so far
    Found 343 blocks
  Exporting: Quiz 5
    Fetching blocks...
      ...fetched 50 blocks so far
      ...fetched 100 blocks so far
      ...fetched 150 blocks so far
      ...fetched 200 blocks so far
    Found 244 blocks
  Exporting: HS 23
    Fetching blocks...
      ...fetched 50 blocks so far
      ...fetched 100 blocks so far
      ...fetched 150 blocks so far
      ...fetched 200 blocks so far
      ...fetched 250 blocks so far
      ...fetched 300 blocks so far
      ...fetched 350 blocks so far
      ...fetched 400 blocks so far
      ...fetched 450 blocks so far
      ...fetched 500 blocks so far
      ...fetched 550 blocks so far
      ...fetched 600 blocks so far
      ...fetched 650 blocks so far
      ...fetched 700 blocks so far
      ...fetched 750 blocks so far
      ...fetched 800 blocks so far
      ...fetched 850 blocks so far
      ...fetched 900 blocks so far
      ...fetched 950 blocks so far
      ...fetched 1000 blocks so far
      ...fetched 1050 blocks so far
      ...fetched 1100 blocks so far
      ...fetched 1150 blocks so far
      ...fetched 1200 blocks so far
      ...fetched 1250 blocks so far
      ...fetched 1300 blocks so far
      ...fetched 1350 blocks so far
      ...fetched 1400 blocks so far
      ...fetched 1450 blocks so far
    Found 1550 blocks
  Exporting: Quiz 6
    Fetching blocks...
      ...fetched 50 blocks so far
    Found 95 blocks
  Exporting: Quiz 11
    Fetching blocks...
      ...fetched 50 blocks so far
    Found 100 blocks
  Exporting: Quiz 9
    Fetching blocks...
      ...fetched 50 blocks so far
      ...fetched 100 blocks so far
    Found 143 blocks
  Exporting: Quiz 2
    Fetching blocks...
      ...fetched 50 blocks so far
      ...fetched 100 blocks so far
    Found 125 blocks
  Exporting: Quiz 7
    Fetching blocks...
      ...fetched 50 blocks so far
      ...fetched 100 blocks so far
    Found 128 blocks
  Exporting: Quiz 4
    Fetching blocks...
      ...fetched 50 blocks so far
      ...fetched 100 blocks so far
      ...fetched 150 blocks so far
    Found 219 blocks
  Exporting: Quiz 8
    Fetching blocks...
      ...fetched 50 blocks so far
      ...fetched 100 blocks so far
      ...fetched 150 blocks so far
    Found 174 blocks
  Exporting: Quiz 5
    Fetching blocks...
      ...fetched 50 blocks so far
      ...fetched 100 blocks so far
    Found 109 blocks
  Exporting: Quiz 10
    Fetching blocks...
      ...fetched 50 blocks so far
    Found 101 blocks
  Exporting: Quiz 3
    Fetching blocks...
      ...fetched 50 blocks so far
      ...fetched 100 blocks so far
      ...fetched 150 blocks so far
    Found 174 blocks
  Exporting: Quiz 1
    Fetching blocks...
      ...fetched 50 blocks so far
      ...fetched 100 blocks so far
      ...fetched 150 blocks so far
    Found 168 blocks
  Exporting: FS 22
    Fetching blocks...
      ...fetched 50 blocks so far
      ...fetched 100 blocks so far
      ...fetched 150 blocks so far
      ...fetched 200 blocks so far
      ...fetched 250 blocks so far
      ...fetched 300 blocks so far
      ...fetched 350 blocks so far
    ERROR: Request to Notion API has timed out
  Exporting: Quiz 10
    ERROR: [Errno 8] nodename nor servname provided, or not known
  Exporting: Quiz 11
    ERROR: [Errno 8] nodename nor servname provided, or not known
  Exporting: Quiz 7
    ERROR: [Errno 8] nodename nor servname provided, or not known
  Exporting: Quiz 6
    ERROR: [Errno 8] nodename nor servname provided, or not known
  Exporting: Quiz 4
    ERROR: [Errno 8] nodename nor servname provided, or not known
  Exporting: Quiz 5
    ERROR: [Errno 8] nodename nor servname provided, or not known
  Exporting: Quiz 1
    ERROR: [Errno 8] nodename nor servname provided, or not known
  Exporting: Quiz 9
    ERROR: [Errno 8] nodename nor servname provided, or not known
  Exporting: Quiz 2
    ERROR: [Errno 8] nodename nor servname provided, or not known
  Exporting: Quiz 3
    ERROR: [Errno 8] nodename nor servname provided, or not known
  Exporting: Quiz 8
    ERROR: [Errno 8] nodename nor servname provided, or not known
  Exporting: FS 23
    ERROR: [Errno 8] nodename nor servname provided, or not known
  Exporting: Quiz 4
    ERROR: [Errno 8] nodename nor servname provided, or not known
  Exporting: Quiz 6
    ERROR: [Errno 8] nodename nor servname provided, or not known
  Exporting: Quiz 5
    ERROR: [Errno 8] nodename nor servname provided, or not known
  Exporting: Quiz 3
    ERROR: [Errno 8] nodename nor servname provided, or not known
  Exporting: Quiz 9
    ERROR: [Errno 8] nodename nor servname provided, or not known
  Exporting: Quiz 7
    ERROR: [Errno 8] nodename nor servname provided, or not known
  Exporting: Quiz 10
    ERROR: [Errno 8] nodename nor servname provided, or not known
  Exporting: Quiz 11
    ERROR: [Errno 8] nodename nor servname provided, or not known
  Exporting: Quiz 8
    ERROR: [Errno 8] nodename nor servname provided, or not known
  Exporting: Quiz 1
    ERROR: [Errno 8] nodename nor servname provided, or not known
  Exporting: Quiz 2
    ERROR: [Errno 8] nodename nor servname provided, or not known
  Exporting: Exercises/Solutions
    ERROR: [Errno 8] nodename nor servname provided, or not known
  Exporting: Explanation Exercise 2.3
    ERROR: [Errno 8] nodename nor servname provided, or not known
  Exporting: Detailed overview
    ERROR: [Errno 8] nodename nor servname provided, or not known
  Exporting: Video
    ERROR: [Errno 8] nodename nor servname provided, or not known
  Exporting: High-level overview
    ERROR: [Errno 8] nodename nor servname provided, or not known

✅ Exported 167 page(s) total
📋 Manifest: /Users/Janick_Spirig/git_local/stats_bootcamp/notion_export/export_manifest.json
